<?xml version="1.0" encoding="UTF-8"?>
<coverage generated="1773866938452" clover="3.2.0">
  <project timestamp="1773866938452" name="All files">
    <metrics statements="14" coveredstatements="14" conditionals="17" coveredconditionals="17" methods="1" coveredmethods="1" elements="32" coveredelements="32" complexity="0" loc="14" ncloc="14" packages="1" files="1" classes="1"/>
    <file name="userValidator.ts" path="C:\Users\diego\Desktop\DEV 3\server\src\utils\userValidator.ts">
      <metrics statements="14" coveredstatements="14" conditionals="17" coveredconditionals="17" methods="1" coveredmethods="1"/>
      <line num="3" count="1" type="stmt"/>
      <line num="8" count="20" type="stmt"/>
      <line num="9" count="20" type="cond" truecount="2" falsecount="0"/>
      <line num="10" count="2" type="stmt"/>
      <line num="13" count="18" type="cond" truecount="5" falsecount="0"/>
      <line num="14" count="1" type="stmt"/>
      <line num="16" count="17" type="cond" truecount="2" falsecount="0"/>
      <line num="17" count="2" type="stmt"/>
      <line num="19" count="15" type="cond" truecount="2" falsecount="0"/>
      <line num="20" count="3" type="cond" truecount="2" falsecount="0"/>
      <line num="21" count="1" type="stmt"/>
      <line num="25" count="14" type="cond" truecount="4" falsecount="0"/>
      <line num="26" count="4" type="stmt"/>
      <line num="29" count="10" type="stmt"/>
    </file>
  </project>
</coverage>
