TN:
SF:server\src\utils\userValidator.ts
FN:3,validateUserRegistration
FNF:1
FNH:1
FNDA:20,validateUserRegistration
DA:3,1
DA:8,20
DA:9,20
DA:10,2
DA:13,18
DA:14,1
DA:16,17
DA:17,2
DA:19,15
DA:20,3
DA:21,1
DA:25,14
DA:26,4
DA:29,10
LF:14
LH:14
BRDA:9,0,0,2
BRDA:9,0,1,18
BRDA:13,1,0,1
BRDA:13,1,1,17
BRDA:13,2,0,18
BRDA:13,2,1,17
BRDA:13,2,2,17
BRDA:16,3,0,2
BRDA:16,3,1,15
BRDA:19,4,0,3
BRDA:19,4,1,12
BRDA:20,5,0,1
BRDA:20,5,1,2
BRDA:25,6,0,4
BRDA:25,6,1,10
BRDA:25,7,0,14
BRDA:25,7,1,11
BRF:17
BRH:17
end_of_record
